TN:
SF:bin/cli.js
FN:28,askQuestion
FN:54,run
FNF:2
FNH:2
FNDA:6,askQuestion
FNDA:25,run
DA:1,28
DA:2,28
DA:3,28
DA:4,28
DA:5,28
DA:6,28
DA:7,28
DA:8,28
DA:9,28
DA:10,28
DA:11,28
DA:12,28
DA:13,1
DA:14,1
DA:15,1
DA:16,1
DA:17,27
DA:18,27
DA:19,27
DA:20,27
DA:21,27
DA:22,27
DA:23,27
DA:24,27
DA:25,27
DA:26,27
DA:27,27
DA:28,6
DA:29,6
DA:30,6
DA:31,6
DA:32,6
DA:33,6
DA:34,6
DA:35,6
DA:36,4
DA:37,4
DA:38,6
DA:39,6
DA:40,6
DA:41,27
DA:42,27
DA:43,27
DA:44,27
DA:45,27
DA:46,27
DA:47,27
DA:48,27
DA:49,27
DA:50,27
DA:51,27
DA:52,27
DA:53,27
DA:54,25
DA:55,25
DA:56,25
DA:57,25
DA:58,4
DA:59,4
DA:60,24
DA:61,24
DA:62,24
DA:63,24
DA:64,1
DA:65,1
DA:66,1
DA:67,1
DA:68,23
DA:69,23
DA:70,23
DA:71,25
DA:72,22
DA:73,22
DA:74,22
DA:75,22
DA:76,11
DA:77,11
DA:78,3
DA:79,3
DA:80,3
DA:81,3
DA:82,3
DA:83,3
DA:84,3
DA:85,11
DA:86,8
DA:87,8
DA:88,8
DA:89,6
DA:90,6
DA:91,8
DA:92,2
DA:93,2
DA:94,8
DA:95,8
DA:96,6
DA:97,6
DA:98,8
DA:99,2
DA:100,2
DA:101,8
DA:102,8
DA:103,8
DA:104,8
DA:105,8
DA:106,8
DA:107,6
DA:108,6
DA:109,6
DA:110,6
DA:111,6
DA:112,6
DA:113,6
DA:114,6
DA:115,6
DA:116,6
DA:117,6
DA:118,6
DA:119,6
DA:120,6
DA:121,6
DA:122,6
DA:123,6
DA:124,6
DA:125,6
DA:126,4
DA:127,6
DA:128,3
DA:129,3
DA:130,1
DA:131,3
DA:132,2
DA:133,2
DA:134,4
DA:135,1
DA:136,1
DA:137,6
DA:138,8
DA:139,25
DA:140,1
DA:141,1
DA:142,1
DA:143,25
DA:144,27
DA:145,27
LF:145
LH:145
BRDA:1,0,0,28
BRDA:12,1,0,1
BRDA:17,2,0,27
BRDA:28,3,0,6
BRDA:34,4,0,6
BRDA:35,5,0,4
BRDA:54,6,0,25
BRDA:57,7,0,4
BRDA:60,8,0,24
BRDA:63,9,0,1
BRDA:68,10,0,23
BRDA:70,11,0,12
BRDA:72,12,0,22
BRDA:75,13,0,11
BRDA:77,14,0,3
BRDA:82,15,0,2
BRDA:82,16,0,1
BRDA:85,17,0,8
BRDA:88,18,0,6
BRDA:91,19,0,2
BRDA:95,20,0,6
BRDA:96,21,0,5
BRDA:96,22,0,1
BRDA:98,23,0,2
BRDA:106,24,0,6
BRDA:106,25,0,6
BRDA:112,26,0,1
BRDA:113,27,0,5
BRDA:116,28,0,1
BRDA:117,29,0,5
BRDA:126,30,0,4
BRDA:127,31,0,1
BRDA:127,32,0,4
BRDA:127,33,0,3
BRDA:129,34,0,1
BRDA:131,35,0,2
BRDA:134,36,0,1
BRDA:139,37,0,1
BRF:38
BRH:38
end_of_record
TN:
SF:docs/main.js
FNF:0
FNH:0
DA:1,1
DA:2,1
DA:3,1
LF:3
LH:3
BRDA:1,0,0,1
BRF:1
BRH:1
end_of_record
TN:
SF:src/index.js
FN:32,getNpmVersionForNode
FN:48,compareVersions
FN:64,normalizeVersionRange
FN:82,getNodeRequirementForPackage
FN:110,getVersionConstraints
FN:153,getLowestCompatibleVersion
FN:181,getHighestCompatibleVersion
FN:219,collectVersionConstraints
FN:328,getVersionSummary
FN:419,updatePackageJsonEngines
FN:464,main
FNF:11
FNH:11
FNDA:25,getNpmVersionForNode
FNDA:588,compareVersions
FNDA:63,normalizeVersionRange
FNDA:32,getNodeRequirementForPackage
FNDA:34,getVersionConstraints
FNDA:62,getLowestCompatibleVersion
FNDA:32,getHighestCompatibleVersion
FNDA:36,collectVersionConstraints
FNDA:29,getVersionSummary
FNDA:9,updatePackageJsonEngines
FNDA:1,main
DA:1,29
DA:2,29
DA:3,29
DA:4,29
DA:5,29
DA:6,29
DA:7,29
DA:8,29
DA:9,29
DA:10,29
DA:11,29
DA:12,29
DA:13,29
DA:14,29
DA:15,29
DA:16,29
DA:17,29
DA:18,29
DA:19,29
DA:20,29
DA:21,29
DA:22,29
DA:23,29
DA:24,29
DA:25,29
DA:26,29
DA:27,29
DA:28,29
DA:29,29
DA:30,29
DA:31,29
DA:32,25
DA:33,25
DA:34,25
DA:35,25
DA:36,25
DA:37,25
DA:38,168
DA:39,25
DA:40,25
DA:41,168
DA:42,0
DA:43,0
DA:44,0
DA:45,25
DA:46,29
DA:47,29
DA:48,588
DA:49,588
DA:50,588
DA:51,588
DA:52,588
DA:53,685
DA:54,685
DA:55,685
DA:56,542
DA:57,542
DA:58,685
DA:59,46
DA:60,46
DA:61,588
DA:62,29
DA:63,29
DA:64,63
DA:65,63
DA:66,63
DA:67,63
DA:68,63
DA:69,63
DA:70,63
DA:71,63
DA:72,63
DA:73,63
DA:74,63
DA:75,63
DA:76,63
DA:77,0
DA:78,0
DA:79,63
DA:80,29
DA:81,29
DA:82,32
DA:83,32
DA:84,32
DA:85,5
DA:86,5
DA:87,27
DA:88,27
DA:89,27
DA:90,30
DA:91,27
DA:92,27
DA:93,27
DA:94,27
DA:95,27
DA:96,27
DA:97,27
DA:98,30
DA:99,96
DA:100,89
DA:101,91
DA:102,7
DA:103,7
DA:104,96
DA:105,27
DA:106,27
DA:107,32
DA:108,29
DA:109,29
DA:110,34
DA:111,34
DA:112,34
DA:113,34
DA:114,34
DA:115,34
DA:116,34
DA:117,34
DA:118,34
DA:119,34
DA:120,34
DA:121,34
DA:122,34
DA:123,34
DA:124,34
DA:125,0
DA:126,0
DA:127,0
DA:128,0
DA:129,0
DA:130,33
DA:131,33
DA:132,33
DA:133,27
DA:134,26
DA:135,26
DA:136,27
DA:137,33
DA:138,33
DA:139,33
DA:140,2
DA:141,4
DA:142,4
DA:143,2
DA:144,33
DA:145,33
DA:146,34
DA:147,1
DA:148,1
DA:149,1
DA:150,34
DA:151,29
DA:152,29
DA:153,62
DA:154,62
DA:155,62
DA:156,62
DA:157,62
DA:158,9
DA:159,9
DA:160,53
DA:161,62
DA:162,30
DA:163,30
DA:164,23
DA:165,23
DA:166,58
DA:167,0
DA:168,0
DA:169,23
DA:170,23
DA:171,23
DA:172,23
DA:173,23
DA:174,0
DA:175,0
DA:176,0
DA:177,62
DA:178,62
DA:179,29
DA:180,29
DA:181,32
DA:182,32
DA:183,32
DA:184,32
DA:185,32
DA:186,32
DA:187,4
DA:188,4
DA:189,4
DA:190,4
DA:191,4
DA:192,4
DA:193,28
DA:194,28
DA:195,28
DA:196,29
DA:197,0
DA:198,0
DA:199,0
DA:200,0
DA:201,0
DA:202,0
DA:203,0
DA:204,0
DA:205,0
DA:206,0
DA:207,0
DA:208,0
DA:209,0
DA:210,0
DA:211,0
DA:212,0
DA:213,28
DA:214,28
DA:215,28
DA:216,32
DA:217,29
DA:218,29
DA:219,36
DA:220,36
DA:221,36
DA:222,36
DA:223,36
DA:224,36
DA:225,36
DA:226,36
DA:227,36
DA:228,36
DA:229,36
DA:230,36
DA:231,36
DA:232,34
DA:233,34
DA:234,33
DA:235,33
DA:236,33
DA:237,33
DA:238,7
DA:239,7
DA:240,7
DA:241,7
DA:242,7
DA:243,7
DA:244,7
DA:245,7
DA:246,33
DA:247,33
DA:248,33
DA:249,26
DA:250,26
DA:251,23
DA:252,23
DA:253,23
DA:254,23
DA:255,23
DA:256,23
DA:257,23
DA:258,26
DA:259,33
DA:260,33
DA:261,33
DA:262,4
DA:263,4
DA:264,2
DA:265,2
DA:266,2
DA:267,2
DA:268,2
DA:269,2
DA:270,2
DA:271,4
DA:272,33
DA:273,34
DA:274,36
DA:275,36
DA:276,4
DA:277,4
DA:278,4
DA:279,4
DA:280,4
DA:281,4
DA:282,1
DA:283,2
DA:284,2
DA:285,1
DA:286,1
DA:287,1
DA:288,1
DA:289,1
DA:290,1
DA:291,1
DA:292,1
DA:293,1
DA:294,1
DA:295,1
DA:296,1
DA:297,1
DA:298,2
DA:299,1
DA:300,1
DA:301,1
DA:302,1
DA:303,1
DA:304,1
DA:305,1
DA:306,1
DA:307,1
DA:308,1
DA:309,1
DA:310,1
DA:311,1
DA:312,1
DA:313,1
DA:314,1
DA:315,1
DA:316,4
DA:317,2
DA:318,2
DA:319,36
DA:320,3
DA:321,3
DA:322,3
DA:323,33
DA:324,33
DA:325,36
DA:326,29
DA:327,29
DA:328,29
DA:329,29
DA:330,29
DA:331,29
DA:332,29
DA:333,29
DA:334,29
DA:335,29
DA:336,29
DA:337,29
DA:338,29
DA:339,29
DA:340,29
DA:341,29
DA:342,29
DA:343,30
DA:344,30
DA:345,30
DA:346,30
DA:347,30
DA:348,30
DA:349,30
DA:350,30
DA:351,30
DA:352,27
DA:353,27
DA:354,27
DA:355,27
DA:356,30
DA:357,30
DA:358,30
DA:359,30
DA:360,3
DA:361,3
DA:362,3
DA:363,3
DA:364,3
DA:365,3
DA:366,3
DA:367,3
DA:368,30
DA:369,30
DA:370,30
DA:371,30
DA:372,30
DA:373,30
DA:374,2
DA:375,2
DA:376,2
DA:377,2
DA:378,2
DA:379,2
DA:380,2
DA:381,2
DA:382,2
DA:383,2
DA:384,2
DA:385,2
DA:386,1
DA:387,1
DA:388,1
DA:389,1
DA:390,1
DA:391,1
DA:392,1
DA:393,2
DA:394,30
DA:395,29
DA:396,29
DA:397,29
DA:398,4
DA:399,4
DA:400,4
DA:401,4
DA:402,4
DA:403,4
DA:404,25
DA:405,25
DA:406,25
DA:407,25
DA:408,25
DA:409,29
DA:410,29
DA:411,29
DA:412,29
DA:413,29
DA:414,29
DA:415,29
DA:416,29
DA:417,29
DA:418,29
DA:419,9
DA:420,9
DA:421,9
DA:422,9
DA:423,9
DA:424,9
DA:425,7
DA:426,7
DA:427,9
DA:428,9
DA:429,9
DA:430,8
DA:431,8
DA:432,2
DA:433,2
DA:434,8
DA:435,8
DA:436,9
DA:437,9
DA:438,9
DA:439,8
DA:440,8
DA:441,2
DA:442,2
DA:443,8
DA:444,8
DA:445,9
DA:446,9
DA:447,9
DA:448,8
DA:449,8
DA:450,9
DA:451,9
DA:452,9
DA:453,9
DA:454,9
DA:455,9
DA:456,2
DA:457,2
DA:458,2
DA:459,9
DA:460,29
DA:461,29
DA:462,29
DA:463,1
DA:464,1
DA:465,1
DA:466,1
DA:467,1
DA:468,1
DA:469,1
DA:470,1
DA:471,1
DA:472,1
DA:473,1
DA:474,1
DA:475,1
DA:476,0
DA:477,0
DA:478,1
DA:479,1
DA:480,1
DA:481,1
DA:482,1
DA:483,0
DA:484,0
DA:485,1
DA:486,1
DA:487,1
DA:488,1
DA:489,1
DA:490,1
DA:491,1
DA:492,1
DA:493,0
DA:494,0
DA:495,0
DA:496,1
DA:497,1
DA:498,1
DA:499,1
DA:500,1
DA:501,29
DA:502,29
DA:503,29
DA:504,29
DA:505,29
DA:506,29
DA:507,29
DA:508,29
DA:509,29
DA:510,29
DA:511,29
DA:512,29
DA:513,29
LF:513
LH:475
BRDA:1,0,0,29
BRDA:462,1,0,1
BRDA:32,2,0,25
BRDA:37,3,0,168
BRDA:38,4,0,25
BRDA:42,5,0,0
BRDA:34,6,0,250
BRDA:48,7,0,588
BRDA:52,8,0,685
BRDA:53,9,0,95
BRDA:54,10,0,98
BRDA:55,11,0,542
BRDA:59,12,0,46
BRDA:64,13,0,63
BRDA:66,14,0,0
BRDA:74,15,0,0
BRDA:77,16,0,0
BRDA:82,17,0,32
BRDA:84,18,0,5
BRDA:87,19,0,30
BRDA:87,20,0,27
BRDA:90,21,0,0
BRDA:91,22,0,27
BRDA:98,23,0,96
BRDA:99,24,0,91
BRDA:99,25,0,89
BRDA:101,26,0,7
BRDA:105,27,0,27
BRDA:94,28,0,69
BRDA:110,29,0,34
BRDA:115,30,0,0
BRDA:116,31,0,7
BRDA:116,32,0,26
BRDA:117,33,0,7
BRDA:117,34,0,31
BRDA:118,35,0,33
BRDA:124,36,0,33
BRDA:124,37,0,0
BRDA:132,38,0,27
BRDA:133,39,0,26
BRDA:139,40,0,2
BRDA:140,41,0,4
BRDA:146,42,0,1
BRDA:153,43,0,62
BRDA:154,44,0,0
BRDA:157,45,0,59
BRDA:157,46,0,9
BRDA:160,47,0,53
BRDA:161,48,0,23
BRDA:161,49,0,58
BRDA:161,50,0,41
BRDA:161,51,0,30
BRDA:164,52,0,23
BRDA:166,53,0,55
BRDA:166,54,0,0
BRDA:169,55,0,23
BRDA:174,56,0,0
BRDA:177,57,0,0
BRDA:181,58,0,32
BRDA:182,59,0,0
BRDA:186,60,0,4
BRDA:190,61,0,0
BRDA:193,62,0,29
BRDA:193,63,0,28
BRDA:196,64,0,0
BRDA:213,65,0,28
BRDA:219,66,0,36
BRDA:221,67,0,13
BRDA:231,68,0,34
BRDA:233,69,0,33
BRDA:234,70,0,12
BRDA:237,71,0,7
BRDA:238,72,0,1
BRDA:248,73,0,26
BRDA:250,74,0,23
BRDA:251,75,0,8
BRDA:261,76,0,4
BRDA:263,77,0,2
BRDA:264,78,0,1
BRDA:275,79,0,4
BRDA:276,80,0,2
BRDA:281,81,0,1
BRDA:282,82,0,2
BRDA:284,83,0,1
BRDA:290,84,0,0
BRDA:306,85,0,0
BRDA:316,86,0,2
BRDA:319,87,0,32
BRDA:319,88,0,3
BRDA:323,89,0,33
BRDA:328,90,0,29
BRDA:342,91,0,30
BRDA:351,92,0,5
BRDA:351,93,0,27
BRDA:354,94,0,7
BRDA:354,95,0,20
BRDA:359,96,0,3
BRDA:363,97,0,0
BRDA:373,98,0,2
BRDA:373,99,0,2
BRDA:378,100,0,0
BRDA:385,101,0,1
BRDA:388,102,0,0
BRDA:397,103,0,4
BRDA:404,104,0,25
BRDA:408,105,0,23
BRDA:408,106,0,0
BRDA:411,107,0,22
BRDA:412,108,0,24
BRDA:412,109,0,2
BRDA:412,110,0,22
BRDA:336,111,0,30
BRDA:336,112,0,7
BRDA:336,113,0,0
BRDA:337,114,0,30
BRDA:337,115,0,10
BRDA:337,116,0,9
BRDA:337,117,0,23
BRDA:419,118,0,9
BRDA:424,119,0,7
BRDA:429,120,0,8
BRDA:431,121,0,2
BRDA:438,122,0,8
BRDA:440,123,0,2
BRDA:447,124,0,8
BRDA:455,125,0,2
BRDA:464,126,0,1
BRDA:475,127,0,0
BRDA:480,128,0,0
BRDA:482,129,0,0
BRDA:492,130,0,0
BRF:131
BRH:106
end_of_record
